STAGE DEPENDENCIES:
  Stage-1 is a root stage
  Stage-0 depends on stages: Stage-1
  Stage-2 depends on stages: Stage-0

STAGE PLANS:
  Stage: Stage-1
    Map Reduce
      Map Operator Tree:
          TableScan
            alias: parkingcitations
            Statistics: Num rows: 929628 Data size: 1230827776 Basic stats: COMP
LETE Column stats: NONE
            Select Operator
              expressions: ticketnumber (type: string), issuedate (type: string)
, issuetime (type: int), meterid (type: string), markedtime (type: string), rpst
ateplate (type: string), plateexpirydate (type: int), vin (type: string), bodyst
yle (type: string), color (type: string), location (type: string), route (type:
string), agency (type: int), violationcode (type: string), violationdesc (type:
string), fineamount (type: int), latitude (type: int), longitude (type: int), ma
ke (type: string)
              outputColumnNames: _col0, _col1, _col2, _col3, _col4, _col5, _col6
, _col7, _col8, _col9, _col10, _col11, _col12, _col13, _col14, _col15, _col16, _
col17, _col18
              Statistics: Num rows: 929628 Data size: 1230827776 Basic stats: CO
MPLETE Column stats: NONE
              Reduce Output Operator
                key expressions: _col18 (type: string)
                sort order: +
                Map-reduce partition columns: _col18 (type: string)
                Statistics: Num rows: 929628 Data size: 1230827776 Basic stats:
COMPLETE Column stats: NONE
                value expressions: _col0 (type: string), _col1 (type: string), _
col2 (type: int), _col3 (type: string), _col4 (type: string), _col5 (type: strin
g), _col6 (type: int), _col7 (type: string), _col8 (type: string), _col9 (type:
string), _col10 (type: string), _col11 (type: string), _col12 (type: int), _col1
3 (type: string), _col14 (type: string), _col15 (type: int), _col16 (type: int),
 _col17 (type: int)
      Reduce Operator Tree:
        Select Operator
          expressions: VALUE._col0 (type: string), VALUE._col1 (type: string), V
ALUE._col2 (type: int), VALUE._col3 (type: string), VALUE._col4 (type: string),
VALUE._col5 (type: string), VALUE._col6 (type: int), VALUE._col7 (type: string),
 VALUE._col8 (type: string), VALUE._col9 (type: string), VALUE._col10 (type: str
ing), VALUE._col11 (type: string), VALUE._col12 (type: int), VALUE._col13 (type:
 string), VALUE._col14 (type: string), VALUE._col15 (type: int), VALUE._col16 (t
ype: int), VALUE._col17 (type: int), KEY._col18 (type: string)
          outputColumnNames: _col0, _col1, _col2, _col3, _col4, _col5, _col6, _c
ol7, _col8, _col9, _col10, _col11, _col12, _col13, _col14, _col15, _col16, _col1
7, _col18
          Statistics: Num rows: 929628 Data size: 1230827776 Basic stats: COMPLE
TE Column stats: NONE
          File Output Operator
            compressed: false
            Statistics: Num rows: 929628 Data size: 1230827776 Basic stats: COMP
LETE Column stats: NONE
            table:
                input format: org.apache.hadoop.mapred.TextInputFormat
                output format: org.apache.hadoop.hive.ql.io.HiveIgnoreKeyTextOutputFormat
                serde: org.apache.hadoop.hive.serde2.lazy.LazySimpleSerDe
                name: parking.parkingcitationspartitionedbymake

  Stage: Stage-0
    Move Operator
      tables:
          partition:
            make
          replace: true
          table:
              input format: org.apache.hadoop.mapred.TextInputFormat
              output format: org.apache.hadoop.hive.ql.io.HiveIgnoreKeyTextOutputFormat
              serde: org.apache.hadoop.hive.serde2.lazy.LazySimpleSerDe
              name: parking.parkingcitationspartitionedbymake

  Stage: Stage-2
    Stats-Aggr Operator